autoscan: warning: missing AC_CHECK_FUNCS([memset]) wanted by: 
	work.c:108
autoscan: warning: missing AC_CHECK_FUNCS([strerror]) wanted by: 
	env.c:547
	team.c:424
autoscan: warning: missing AC_CHECK_FUNCS([strncasecmp]) wanted by: 
	env.c:85
	env.c:90
	env.c:95
	env.c:100
	env.c:260
	env.c:261
	env.c:329
	env.c:334
	env.c:362
	env.c:367
autoscan: warning: missing AC_CHECK_FUNCS([strtoul]) wanted by: 
	env.c:120
	env.c:164
	env.c:200
	env.c:402
	env.c:411
	env.c:418
autoscan: warning: missing AC_CHECK_HEADERS([limits.h]) wanted by: 
	parallel.c:28
	loop.c:27
	loop_ull.c:27
	env.c:45
autoscan: warning: missing AC_CHECK_HEADERS([stddef.h]) wanted by: 
	work.c:29
autoscan: warning: missing AC_C_CONST wanted by: 
	libgomp.h:416
	libgomp.h:418
	error.c:39
	error.c:47
	error.c:57
	fortran.c:248
	fortran.c:254
	fortran.c:260
	fortran.c:266
	fortran.c:272
	fortran.c:278
	fortran.c:338
	fortran.c:338
	fortran.c:344
	fortran.c:344
	fortran.c:376
	fortran.c:382
	fortran.c:400
	fortran.c:406
	fortran.c:412
	fortran.c:418
	env.c:149
	env.c:185
	env.c:246
	env.c:319
	env.c:321
	env.c:353
autoscan: warning: missing AC_C_INLINE wanted by: 
	libgomp.h:362
	libgomp.h:368
	libgomp.h:378
	libgomp.h:473
	libgomp.h:494
	sections.c:32
	work.c:135
	loop.c:34
	loop_ull.c:35
	libgomp_f.h.in:73
	task.c:61
autoscan: warning: missing AC_FUNC_MALLOC wanted by: 
	alloc.c:36
	fortran.c:90
	fortran.c:99
	fortran.c:165
	fortran.c:174
autoscan: warning: missing AC_FUNC_REALLOC wanted by: 
	alloc.c:54
	env.c:437
autoscan: warning: missing AC_FUNC_VPRINTF wanted by: 
	error.c:42
autoscan: warning: missing AC_HEADER_STDBOOL wanted by: 
	libgomp.h:216
	libgomp.h:217
	libgomp.h:252
	libgomp.h:253
	libgomp.h:378
	libgomp.h:424
	libgomp.h:425
	libgomp.h:428
	libgomp.h:429
	libgomp.h:436
	libgomp.h:438
	libgomp.h:442
	libgomp.h:444
	libgomp.h:488
	libgomp.h:490
	libgomp.h:490
	iter_ull.c:145
	iter_ull.c:181
	iter_ull.c:257
	iter_ull.c:294
	iter.c:143
	iter.c:179
	iter.c:256
	iter.c:290
	work.c:92
	work.c:167
	work.c:168
	loop.c:96
	loop.c:113
	loop.c:118
	loop.c:138
	loop.c:143
	loop.c:163
	loop.c:191
	loop.c:209
	loop.c:214
	loop.c:234
	loop.c:239
	loop.c:259
	loop.c:298
	loop.c:304
	loop.c:307
	loop.c:321
	loop.c:324
	loop.c:338
	loop.c:364
	loop.c:380
	loop.c:384
	loop.c:398
	loop.c:402
	loop.c:416
	loop.c:540
	loop.c:547
	loop.c:554
	loop.c:561
	loop.c:569
	loop.c:577
	loop.c:585
	loop.c:591
	loop.c:597
	loop.c:603
	loop.c:609
	loop.c:615
	libgomp_g.h:48
	libgomp_g.h:49
	libgomp_g.h:50
	libgomp_g.h:51
	libgomp_g.h:53
	libgomp_g.h:55
	libgomp_g.h:57
	libgomp_g.h:59
	libgomp_g.h:61
	libgomp_g.h:62
	libgomp_g.h:63
	libgomp_g.h:64
	libgomp_g.h:66
	libgomp_g.h:67
	libgomp_g.h:68
	libgomp_g.h:69
	libgomp_g.h:85
	libgomp_g.h:85
	libgomp_g.h:91
	libgomp_g.h:91
	libgomp_g.h:97
	libgomp_g.h:97
	libgomp_g.h:103
	libgomp_g.h:103
	libgomp_g.h:109
	libgomp_g.h:109
	libgomp_g.h:115
	libgomp_g.h:115
	libgomp_g.h:121
	libgomp_g.h:121
	libgomp_g.h:127
	libgomp_g.h:127
	libgomp_g.h:133
	libgomp_g.h:135
	libgomp_g.h:137
	libgomp_g.h:139
	libgomp_g.h:142
	libgomp_g.h:144
	libgomp_g.h:146
	libgomp_g.h:148
	libgomp_g.h:164
	libgomp_g.h:178
	loop_ull.c:36
	loop_ull.c:98
	loop_ull.c:99
	loop_ull.c:116
	loop_ull.c:117
	loop_ull.c:122
	loop_ull.c:142
	loop_ull.c:143
	loop_ull.c:148
	loop_ull.c:168
	loop_ull.c:169
	loop_ull.c:200
	loop_ull.c:201
	loop_ull.c:219
	loop_ull.c:220
	loop_ull.c:225
	loop_ull.c:245
	loop_ull.c:246
	loop_ull.c:251
	loop_ull.c:271
	loop_ull.c:272
	loop_ull.c:311
	loop_ull.c:317
	loop_ull.c:320
	loop_ull.c:334
	loop_ull.c:337
	loop_ull.c:351
	loop_ull.c:377
	loop_ull.c:393
	loop_ull.c:397
	loop_ull.c:411
	loop_ull.c:415
	loop_ull.c:429
	loop_ull.c:482
	loop_ull.c:483
	loop_ull.c:491
	loop_ull.c:492
	loop_ull.c:500
	loop_ull.c:501
	loop_ull.c:509
	loop_ull.c:510
	loop_ull.c:518
	loop_ull.c:519
	loop_ull.c:527
	loop_ull.c:528
	loop_ull.c:536
	loop_ull.c:542
	loop_ull.c:548
	loop_ull.c:554
	loop_ull.c:560
	loop_ull.c:566
	env.c:148
	env.c:149
	env.c:184
	env.c:245
	env.c:319
	env.c:385
	single.c:34
	single.c:49
	single.c:67
	task.c:81
	task.c:142
	team.c:56
	team.c:259
	parallel.c:45
	iter_ull.c:154
	iter_ull.c:197
	iter_ull.c:208
	iter_ull.c:225
	iter_ull.c:268
	iter_ull.c:315
	sections.c:74
	iter.c:152
	iter.c:196
	iter.c:207
	iter.c:224
	iter.c:267
	iter.c:311
	work.c:197
	loop.c:103
	loop.c:120
	loop.c:145
	loop.c:167
	loop.c:263
	loop.c:484
	loop_ull.c:106
	loop_ull.c:124
	loop_ull.c:150
	loop_ull.c:172
	loop_ull.c:276
	env.c:56
	env.c:57
	env.c:156
	env.c:178
	env.c:192
	env.c:239
	env.c:253
	env.c:312
	env.c:336
	env.c:395
	env.c:442
	env.c:470
	env.c:487
	env.c:496
	env.c:571
	env.c:585
	env.c:617
	env.c:625
	single.c:49
	single.c:70
	task.c:43
	task.c:44
	task.c:93
	task.c:114
	task.c:147
	task.c:354
	team.c:152
	iter_ull.c:173
	iter_ull.c:203
	iter_ull.c:214
	iter_ull.c:248
	iter_ull.c:287
	iter_ull.c:339
	iter.c:171
	iter.c:202
	iter.c:213
	iter.c:247
	iter.c:283
	iter.c:332
	work.c:192
	loop.c:198
	loop.c:216
	loop.c:241
	loop_ull.c:208
	loop_ull.c:227
	loop_ull.c:253
	env.c:174
	env.c:235
	env.c:308
	env.c:331
	env.c:466
	env.c:486
	env.c:557
	env.c:564
	env.c:578
	env.c:592
	single.c:43
	task.c:159
	task.c:337
autoscan: warning: missing AC_TYPE_SIZE_T wanted by: 
	libgomp.h:395
	libgomp.h:406
	libgomp.h:407
	libgomp.h:408
	alloc.c:34
	alloc.c:43
	alloc.c:52
	env.c:61
	env.c:391
	team.c:139
	team.c:385
