This file contains any messages produced by compilers while
running configure, to aid debugging if configure makes a mistake.

It was created by GNU OpenMP Runtime Library configure 1.0, which was
generated by GNU Autoconf 2.59.  Invocation command line was

  $ ./configure 

## --------- ##
## Platform. ##
## --------- ##

hostname = tux322.llnl.gov
uname -m = x86_64
uname -r = 2.6.18-194.11.3.el5
uname -s = Linux
uname -v = #1 SMP Mon Aug 23 15:51:38 EDT 2010

/usr/bin/uname -p = unknown
/bin/uname -X     = unknown

/bin/arch              = x86_64
/usr/bin/arch -k       = unknown
/usr/convex/getsysinfo = unknown
hostinfo               = unknown
/bin/machine           = unknown
/usr/bin/oslevel       = unknown
/bin/universe          = unknown

PATH: /export/tmp.hudson-rose/opt/qt-x11-opensource-src-4.5.3-inst/bin
PATH: /export/tmp.hudson-rose/opt/sqlite-3.6.20-inst/bin
PATH: /usr/apps/java/jdk1.6.0_11/bin
PATH: /export/tmp.hudson-rose/opt/qt-x11-opensource-src-4.5.3-inst/bin
PATH: /export/tmp.hudson-rose/opt/sqlite-3.6.20-inst/bin
PATH: /usr/apps/java/jdk1.6.0_11/bin
PATH: /usr/apps/graphviz/2.20.3/bin
PATH: /nfs/apps/subversion/1.5.5/bin
PATH: /nfs/apps/apr/1.3.3/bin
PATH: /nfs/apps/gcc/4.4.1/bin
PATH: /nfs/apps/git/1.6.4/bin
PATH: /usr/lib64/qt-3.3/bin
PATH: /usr/kerberos/bin
PATH: /usr/local/bin
PATH: /usr/bin
PATH: /bin
PATH: /usr/X11R6/bin
PATH: /home/liao6/opt/filezilla3/bin
PATH: /home/liao6/opt/apache-maven-2.0.11/bin
PATH: /export/tmp.liao6/opt/cmake-2.6.4-inst/bin
PATH: /home/liao6/64home/opt/hpctoolkit-r1650/bin
PATH: /home/liao6/64home/opt/zgrviewer-0.8.2
PATH: /home/liao6/opt/sunstudio12.1/bin
PATH: /home/liao6/64home/opt/omni-1.6/bin
PATH: /home/liao6/64home/opt/snavigator-6.0/bin
PATH: /export/tmp.liao6/opt/kdevelop-3.5.5/bin
PATH: /home/liao6/opt/mercurial-1.5.3
PATH: /home/liao6/opt/64bit/ghc-6.10.4-inst/bin/
PATH: /home/liao6/opt/filezilla3/bin
PATH: /home/liao6/opt/apache-maven-2.0.11/bin
PATH: /export/tmp.liao6/opt/cmake-2.6.4-inst/bin
PATH: /home/liao6/64home/opt/hpctoolkit-r1650/bin
PATH: /home/liao6/64home/opt/zgrviewer-0.8.2
PATH: /home/liao6/opt/sunstudio12.1/bin
PATH: /home/liao6/64home/opt/omni-1.6/bin
PATH: /home/liao6/64home/opt/snavigator-6.0/bin
PATH: /export/tmp.liao6/opt/kdevelop-3.5.5/bin
PATH: /home/liao6/opt/mercurial-1.5.3
PATH: /home/liao6/opt/64bit/ghc-6.10.4-inst/bin/


## ----------- ##
## Core tests. ##
## ----------- ##

configure:1581: checking for a BSD-compatible install
configure:1647: result: /usr/bin/install -c
configure:1658: checking whether build environment is sane
configure:1701: result: yes
configure:1766: checking for gawk
configure:1782: found /usr/bin/gawk
configure:1792: result: gawk
configure:1802: checking whether make sets $(MAKE)
configure:1822: result: yes
configure:2036: checking for gcc
configure:2052: found /nfs/apps/gcc/4.4.1/bin/gcc
configure:2062: result: gcc
configure:2308: checking for C compiler version
configure:2311: gcc --version </dev/null >&5
gcc (GCC) 4.4.1
Copyright (C) 2009 Free Software Foundation, Inc.
This is free software; see the source for copying conditions.  There is NO
warranty; not even for MERCHANTABILITY or FITNESS FOR A PARTICULAR PURPOSE.

configure:2314: $? = 0
configure:2316: gcc -v </dev/null >&5
Using built-in specs.
Target: x86_64-unknown-linux-gnu
Configured with: ../gcc-4.4.1/configure --prefix=/nfs/apps/gcc/4.4.1 --with-gmp=/nfs/apps/gmp/4.3.1 --with-mpfr=/nfs/apps/mpfr/2.4.1
Thread model: posix
gcc version 4.4.1 (GCC) 
configure:2319: $? = 0
configure:2321: gcc -V </dev/null >&5
gcc: '-V' option must have argument
configure:2324: $? = 1
configure:2347: checking for C compiler default output file name
configure:2350: gcc -g   conftest.c  >&5
configure:2353: $? = 0
configure:2401: result: a.out
configure:2406: checking whether the C compiler works
configure:2412: ./a.out
configure:2415: $? = 0
configure:2434: result: yes
configure:2441: checking whether we are cross compiling
configure:2443: result: no
configure:2446: checking for suffix of executables
configure:2448: gcc -o conftest -g   conftest.c  >&5
configure:2451: $? = 0
configure:2478: result: 
configure:2484: checking for suffix of object files
configure:2505: gcc -c -g  conftest.c >&5
configure:2508: $? = 0
configure:2532: result: o
configure:2536: checking whether we are using the GNU C compiler
configure:2560: gcc -c -g  conftest.c >&5
configure:2566: $? = 0
configure:2570: test -z 
			 || test ! -s conftest.err
configure:2573: $? = 0
configure:2576: test -s conftest.o
configure:2579: $? = 0
configure:2592: result: yes
configure:2598: checking whether gcc accepts -g
configure:2619: gcc -c -g  conftest.c >&5
configure:2625: $? = 0
configure:2629: test -z 
			 || test ! -s conftest.err
configure:2632: $? = 0
configure:2635: test -s conftest.o
configure:2638: $? = 0
configure:2649: result: yes
configure:2666: checking for gcc option to accept ANSI C
configure:2736: gcc  -c -g  conftest.c >&5
configure:2742: $? = 0
configure:2746: test -z 
			 || test ! -s conftest.err
configure:2749: $? = 0
configure:2752: test -s conftest.o
configure:2755: $? = 0
configure:2773: result: none needed
configure:2791: gcc -c -g  conftest.c >&5
conftest.c:2: error: expected '=', ',', ';', 'asm' or '__attribute__' before 'me'
configure:2797: $? = 1
configure: failed program was:
| #ifndef __cplusplus
|   choke me
| #endif
configure:2941: checking for style of include used by make
configure:2969: result: GNU
configure:2997: checking dependency style of gcc
configure:3087: result: gcc3
configure:3154: checking for ar
configure:3170: found /usr/bin/ar
configure:3180: result: ar
configure:3233: checking for ranlib
configure:3249: found /usr/bin/ranlib
configure:3260: result: ranlib
configure:3274: checking for perl
configure:3292: found /usr/bin/perl
configure:3305: result: /usr/bin/perl
configure:3312: checking whether make sets $(MAKE)
configure:3332: result: yes
configure:3355: checking for a BSD-compatible install
configure:3421: result: /usr/bin/install -c
configure:3514: checking build system type
configure:3532: result: x86_64-unknown-linux-gnu
configure:3540: checking host system type
configure:3554: result: x86_64-unknown-linux-gnu
configure:3562: checking for a sed that does not truncate output
configure:3618: result: /bin/sed
configure:3621: checking for egrep
configure:3631: result: grep -E
configure:3647: checking for ld used by gcc
configure:3714: result: /usr/bin/ld
configure:3723: checking if the linker (/usr/bin/ld) is GNU ld
configure:3738: result: yes
configure:3743: checking for /usr/bin/ld option to reload object files
configure:3750: result: -r
configure:3768: checking for BSD-compatible nm
configure:3817: result: /usr/bin/nm -B
configure:3821: checking whether ln -s works
configure:3825: result: yes
configure:3832: checking how to recognise dependent libraries
configure:4008: result: pass_all
configure:4096: gcc -c -g  conftest.c >&5
configure:4099: $? = 0
configure:4245: checking how to run the C preprocessor
configure:4280: gcc -E  conftest.c
configure:4286: $? = 0
configure:4318: gcc -E  conftest.c
conftest.c:11:28: error: ac_nonexistent.h: No such file or directory
configure:4324: $? = 1
configure: failed program was:
| /* confdefs.h.  */
| 
| #define PACKAGE_NAME "GNU OpenMP Runtime Library"
| #define PACKAGE_TARNAME "libgomp"
| #define PACKAGE_VERSION "1.0"
| #define PACKAGE_STRING "GNU OpenMP Runtime Library 1.0"
| #define PACKAGE_BUGREPORT ""
| #define PACKAGE "libgomp"
| #define VERSION "1.0"
| /* end confdefs.h.  */
| #include <ac_nonexistent.h>
configure:4363: result: gcc -E
configure:4387: gcc -E  conftest.c
configure:4393: $? = 0
configure:4425: gcc -E  conftest.c
conftest.c:11:28: error: ac_nonexistent.h: No such file or directory
configure:4431: $? = 1
configure: failed program was:
| /* confdefs.h.  */
| 
| #define PACKAGE_NAME "GNU OpenMP Runtime Library"
| #define PACKAGE_TARNAME "libgomp"
| #define PACKAGE_VERSION "1.0"
| #define PACKAGE_STRING "GNU OpenMP Runtime Library 1.0"
| #define PACKAGE_BUGREPORT ""
| #define PACKAGE "libgomp"
| #define VERSION "1.0"
| /* end confdefs.h.  */
| #include <ac_nonexistent.h>
configure:4477: checking for ANSI C header files
configure:4502: gcc -c -g  conftest.c >&5
configure:4508: $? = 0
configure:4512: test -z 
			 || test ! -s conftest.err
configure:4515: $? = 0
configure:4518: test -s conftest.o
configure:4521: $? = 0
configure:4610: gcc -o conftest -g   conftest.c  >&5
conftest.c: In function 'main':
conftest.c:28: warning: incompatible implicit declaration of built-in function 'exit'
configure:4613: $? = 0
configure:4615: ./conftest
configure:4618: $? = 0
configure:4633: result: yes
configure:4657: checking for sys/types.h
configure:4673: gcc -c -g  conftest.c >&5
configure:4679: $? = 0
configure:4683: test -z 
			 || test ! -s conftest.err
configure:4686: $? = 0
configure:4689: test -s conftest.o
configure:4692: $? = 0
configure:4703: result: yes
configure:4657: checking for sys/stat.h
configure:4673: gcc -c -g  conftest.c >&5
configure:4679: $? = 0
configure:4683: test -z 
			 || test ! -s conftest.err
configure:4686: $? = 0
configure:4689: test -s conftest.o
configure:4692: $? = 0
configure:4703: result: yes
configure:4657: checking for stdlib.h
configure:4673: gcc -c -g  conftest.c >&5
configure:4679: $? = 0
configure:4683: test -z 
			 || test ! -s conftest.err
configure:4686: $? = 0
configure:4689: test -s conftest.o
configure:4692: $? = 0
configure:4703: result: yes
configure:4657: checking for string.h
configure:4673: gcc -c -g  conftest.c >&5
configure:4679: $? = 0
configure:4683: test -z 
			 || test ! -s conftest.err
configure:4686: $? = 0
configure:4689: test -s conftest.o
configure:4692: $? = 0
configure:4703: result: yes
configure:4657: checking for memory.h
configure:4673: gcc -c -g  conftest.c >&5
configure:4679: $? = 0
configure:4683: test -z 
			 || test ! -s conftest.err
configure:4686: $? = 0
configure:4689: test -s conftest.o
configure:4692: $? = 0
configure:4703: result: yes
configure:4657: checking for strings.h
configure:4673: gcc -c -g  conftest.c >&5
configure:4679: $? = 0
configure:4683: test -z 
			 || test ! -s conftest.err
configure:4686: $? = 0
configure:4689: test -s conftest.o
configure:4692: $? = 0
configure:4703: result: yes
configure:4657: checking for inttypes.h
configure:4673: gcc -c -g  conftest.c >&5
configure:4679: $? = 0
configure:4683: test -z 
			 || test ! -s conftest.err
configure:4686: $? = 0
configure:4689: test -s conftest.o
configure:4692: $? = 0
configure:4703: result: yes
configure:4657: checking for stdint.h
configure:4673: gcc -c -g  conftest.c >&5
configure:4679: $? = 0
configure:4683: test -z 
			 || test ! -s conftest.err
configure:4686: $? = 0
configure:4689: test -s conftest.o
configure:4692: $? = 0
configure:4703: result: yes
configure:4657: checking for unistd.h
configure:4673: gcc -c -g  conftest.c >&5
configure:4679: $? = 0
configure:4683: test -z 
			 || test ! -s conftest.err
configure:4686: $? = 0
configure:4689: test -s conftest.o
configure:4692: $? = 0
configure:4703: result: yes
configure:4729: checking dlfcn.h usability
configure:4741: gcc -c -g  conftest.c >&5
configure:4747: $? = 0
configure:4751: test -z 
			 || test ! -s conftest.err
configure:4754: $? = 0
configure:4757: test -s conftest.o
configure:4760: $? = 0
configure:4770: result: yes
configure:4774: checking dlfcn.h presence
configure:4784: gcc -E  conftest.c
configure:4790: $? = 0
configure:4810: result: yes
configure:4845: checking for dlfcn.h
configure:4852: result: yes
configure:4917: checking for g++
configure:4933: found /nfs/apps/gcc/4.4.1/bin/g++
configure:4943: result: g++
configure:4959: checking for C++ compiler version
configure:4962: g++ --version </dev/null >&5
g++ (GCC) 4.4.1
Copyright (C) 2009 Free Software Foundation, Inc.
This is free software; see the source for copying conditions.  There is NO
warranty; not even for MERCHANTABILITY or FITNESS FOR A PARTICULAR PURPOSE.

configure:4965: $? = 0
configure:4967: g++ -v </dev/null >&5
Using built-in specs.
Target: x86_64-unknown-linux-gnu
Configured with: ../gcc-4.4.1/configure --prefix=/nfs/apps/gcc/4.4.1 --with-gmp=/nfs/apps/gmp/4.3.1 --with-mpfr=/nfs/apps/mpfr/2.4.1
Thread model: posix
gcc version 4.4.1 (GCC) 
configure:4970: $? = 0
configure:4972: g++ -V </dev/null >&5
g++: '-V' option must have argument
configure:4975: $? = 1
configure:4978: checking whether we are using the GNU C++ compiler
configure:5002: g++ -c   conftest.cc >&5
configure:5008: $? = 0
configure:5012: test -z 
			 || test ! -s conftest.err
configure:5015: $? = 0
configure:5018: test -s conftest.o
configure:5021: $? = 0
configure:5034: result: yes
configure:5040: checking whether g++ accepts -g
configure:5061: g++ -c -g  conftest.cc >&5
configure:5067: $? = 0
configure:5071: test -z 
			 || test ! -s conftest.err
configure:5074: $? = 0
configure:5077: test -s conftest.o
configure:5080: $? = 0
configure:5091: result: yes
configure:5133: g++ -c -g -O2  conftest.cc >&5
configure:5139: $? = 0
configure:5143: test -z 
			 || test ! -s conftest.err
configure:5146: $? = 0
configure:5149: test -s conftest.o
configure:5152: $? = 0
configure:5178: g++ -c -g -O2  conftest.cc >&5
conftest.cc: In function 'int main()':
conftest.cc:26: error: 'exit' was not declared in this scope
configure:5184: $? = 1
configure: failed program was:
| /* confdefs.h.  */
| 
| #define PACKAGE_NAME "GNU OpenMP Runtime Library"
| #define PACKAGE_TARNAME "libgomp"
| #define PACKAGE_VERSION "1.0"
| #define PACKAGE_STRING "GNU OpenMP Runtime Library 1.0"
| #define PACKAGE_BUGREPORT ""
| #define PACKAGE "libgomp"
| #define VERSION "1.0"
| #define STDC_HEADERS 1
| #define HAVE_SYS_TYPES_H 1
| #define HAVE_SYS_STAT_H 1
| #define HAVE_STDLIB_H 1
| #define HAVE_STRING_H 1
| #define HAVE_MEMORY_H 1
| #define HAVE_STRINGS_H 1
| #define HAVE_INTTYPES_H 1
| #define HAVE_STDINT_H 1
| #define HAVE_UNISTD_H 1
| #define HAVE_DLFCN_H 1
| /* end confdefs.h.  */
| 
| int
| main ()
| {
| exit (42);
|   ;
|   return 0;
| }
configure:5133: g++ -c -g -O2  conftest.cc >&5
conftest.cc:22: error: 'void std::exit(int)' should have been declared inside 'std'
configure:5139: $? = 1
configure: failed program was:
| /* confdefs.h.  */
| 
| #define PACKAGE_NAME "GNU OpenMP Runtime Library"
| #define PACKAGE_TARNAME "libgomp"
| #define PACKAGE_VERSION "1.0"
| #define PACKAGE_STRING "GNU OpenMP Runtime Library 1.0"
| #define PACKAGE_BUGREPORT ""
| #define PACKAGE "libgomp"
| #define VERSION "1.0"
| #define STDC_HEADERS 1
| #define HAVE_SYS_TYPES_H 1
| #define HAVE_SYS_STAT_H 1
| #define HAVE_STDLIB_H 1
| #define HAVE_STRING_H 1
| #define HAVE_MEMORY_H 1
| #define HAVE_STRINGS_H 1
| #define HAVE_INTTYPES_H 1
| #define HAVE_STDINT_H 1
| #define HAVE_UNISTD_H 1
| #define HAVE_DLFCN_H 1
| /* end confdefs.h.  */
| extern "C" void std::exit (int) throw (); using std::exit;
| #include <stdlib.h>
| int
| main ()
| {
| exit (42);
|   ;
|   return 0;
| }
configure:5133: g++ -c -g -O2  conftest.cc >&5
conftest.cc:22: error: 'void std::exit(int)' should have been declared inside 'std'
In file included from conftest.cc:23:
/usr/include/stdlib.h:646: error: declaration of 'void std::exit(int) throw ()' throws different exceptions
conftest.cc:22: error: from previous declaration 'void std::exit(int)'
configure:5139: $? = 1
configure: failed program was:
| /* confdefs.h.  */
| 
| #define PACKAGE_NAME "GNU OpenMP Runtime Library"
| #define PACKAGE_TARNAME "libgomp"
| #define PACKAGE_VERSION "1.0"
| #define PACKAGE_STRING "GNU OpenMP Runtime Library 1.0"
| #define PACKAGE_BUGREPORT ""
| #define PACKAGE "libgomp"
| #define VERSION "1.0"
| #define STDC_HEADERS 1
| #define HAVE_SYS_TYPES_H 1
| #define HAVE_SYS_STAT_H 1
| #define HAVE_STDLIB_H 1
| #define HAVE_STRING_H 1
| #define HAVE_MEMORY_H 1
| #define HAVE_STRINGS_H 1
| #define HAVE_INTTYPES_H 1
| #define HAVE_STDINT_H 1
| #define HAVE_UNISTD_H 1
| #define HAVE_DLFCN_H 1
| /* end confdefs.h.  */
| extern "C" void std::exit (int); using std::exit;
| #include <stdlib.h>
| int
| main ()
| {
| exit (42);
|   ;
|   return 0;
| }
configure:5133: g++ -c -g -O2  conftest.cc >&5
configure:5139: $? = 0
configure:5143: test -z 
			 || test ! -s conftest.err
configure:5146: $? = 0
configure:5149: test -s conftest.o
configure:5152: $? = 0
configure:5178: g++ -c -g -O2  conftest.cc >&5
configure:5184: $? = 0
configure:5188: test -z 
			 || test ! -s conftest.err
configure:5191: $? = 0
configure:5194: test -s conftest.o
configure:5197: $? = 0
configure:5222: checking dependency style of g++
configure:5312: result: gcc3
configure:5339: checking how to run the C++ preprocessor
configure:5370: g++ -E  conftest.cc
configure:5376: $? = 0
configure:5408: g++ -E  conftest.cc
conftest.cc:25:28: error: ac_nonexistent.h: No such file or directory
configure:5414: $? = 1
configure: failed program was:
| /* confdefs.h.  */
| 
| #define PACKAGE_NAME "GNU OpenMP Runtime Library"
| #define PACKAGE_TARNAME "libgomp"
| #define PACKAGE_VERSION "1.0"
| #define PACKAGE_STRING "GNU OpenMP Runtime Library 1.0"
| #define PACKAGE_BUGREPORT ""
| #define PACKAGE "libgomp"
| #define VERSION "1.0"
| #define STDC_HEADERS 1
| #define HAVE_SYS_TYPES_H 1
| #define HAVE_SYS_STAT_H 1
| #define HAVE_STDLIB_H 1
| #define HAVE_STRING_H 1
| #define HAVE_MEMORY_H 1
| #define HAVE_STRINGS_H 1
| #define HAVE_INTTYPES_H 1
| #define HAVE_STDINT_H 1
| #define HAVE_UNISTD_H 1
| #define HAVE_DLFCN_H 1
| #ifdef __cplusplus
| extern "C" void exit (int) throw ();
| #endif
| /* end confdefs.h.  */
| #include <ac_nonexistent.h>
configure:5453: result: g++ -E
configure:5477: g++ -E  conftest.cc
configure:5483: $? = 0
configure:5515: g++ -E  conftest.cc
conftest.cc:25:28: error: ac_nonexistent.h: No such file or directory
configure:5521: $? = 1
configure: failed program was:
| /* confdefs.h.  */
| 
| #define PACKAGE_NAME "GNU OpenMP Runtime Library"
| #define PACKAGE_TARNAME "libgomp"
| #define PACKAGE_VERSION "1.0"
| #define PACKAGE_STRING "GNU OpenMP Runtime Library 1.0"
| #define PACKAGE_BUGREPORT ""
| #define PACKAGE "libgomp"
| #define VERSION "1.0"
| #define STDC_HEADERS 1
| #define HAVE_SYS_TYPES_H 1
| #define HAVE_SYS_STAT_H 1
| #define HAVE_STDLIB_H 1
| #define HAVE_STRING_H 1
| #define HAVE_MEMORY_H 1
| #define HAVE_STRINGS_H 1
| #define HAVE_INTTYPES_H 1
| #define HAVE_STDINT_H 1
| #define HAVE_UNISTD_H 1
| #define HAVE_DLFCN_H 1
| #ifdef __cplusplus
| extern "C" void exit (int) throw ();
| #endif
| /* end confdefs.h.  */
| #include <ac_nonexistent.h>
configure:5620: checking for g77
configure:5636: found /usr/bin/g77
configure:5646: result: g77
configure:5661: checking for Fortran 77 compiler version
configure:5664: g77 --version </dev/null >&5
GNU Fortran (GCC) 3.4.6 20060404 (Red Hat 3.4.6-4)
Copyright (C) 2006 Free Software Foundation, Inc.

GNU Fortran comes with NO WARRANTY, to the extent permitted by law.
You may redistribute copies of GNU Fortran
under the terms of the GNU General Public License.
For more information about these matters, see the file named COPYING
or type the command `info -f g77 Copying'.
configure:5667: $? = 0
configure:5669: g77 -v </dev/null >&5
Reading specs from /usr/lib/gcc/x86_64-redhat-linux/3.4.6/specs
Configured with: ../configure --prefix=/usr --mandir=/usr/share/man --infodir=/usr/share/info --enable-shared --enable-threads=posix --disable-checking --with-system-zlib --enable-__cxa_atexit --disable-libunwind-exceptions --enable-languages=c,c++,f77 --disable-libgcj --host=x86_64-redhat-linux
Thread model: posix
gcc version 3.4.6 20060404 (Red Hat 3.4.6-4)
configure:5672: $? = 0
configure:5674: g77 -V </dev/null >&5
g77: `-V' option must have argument
configure:5677: $? = 1
configure:5685: checking whether we are using the GNU Fortran 77 compiler
configure:5699: g77 -c  conftest.F >&5
configure:5705: $? = 0
configure:5709: test -z 
			 || test ! -s conftest.err
configure:5712: $? = 0
configure:5715: test -s conftest.o
configure:5718: $? = 0
configure:5731: result: yes
configure:5737: checking whether g77 accepts -g
configure:5749: g77 -c -g conftest.f >&5
configure:5755: $? = 0
configure:5759: test -z 
			 || test ! -s conftest.err
configure:5762: $? = 0
configure:5765: test -s conftest.o
configure:5768: $? = 0
configure:5780: result: yes
configure:5810: checking the maximum length of command line arguments
configure:5919: result: 32768
configure:5930: checking command to parse /usr/bin/nm -B output from gcc object
configure:6035: gcc -c -g  conftest.c >&5
configure:6038: $? = 0
configure:6042: /usr/bin/nm -B conftest.o \| sed -n -e 's/^.*[ 	]\([ABCDGIRSTW][ABCDGIRSTW]*\)[ 	][ 	]*\([_A-Za-z][_A-Za-z0-9]*\)$/\1 \2 \2/p' \> conftest.nm
configure:6045: $? = 0
configure:6097: gcc -o conftest -g   conftest.c conftstm.o >&5
configure:6100: $? = 0
configure:6138: result: ok
configure:6142: checking for objdir
configure:6157: result: .libs
configure:6247: checking for ar
configure:6274: result: ar
configure:6327: checking for ranlib
configure:6354: result: ranlib
configure:6407: checking for strip
configure:6423: found /usr/bin/strip
configure:6434: result: strip
configure:6706: checking if gcc supports -fno-rtti -fno-exceptions
configure:6724: gcc -c -g  -fno-rtti -fno-exceptions conftest.c >&5
cc1: warning: command line option "-fno-rtti" is valid for C++/ObjC++ but not for C
configure:6728: $? = 0
configure:6741: result: no
configure:6756: checking for gcc option to produce PIC
configure:6966: result: -fPIC
configure:6974: checking if gcc PIC flag -fPIC works
configure:6992: gcc -c -g  -fPIC -DPIC conftest.c >&5
configure:6996: $? = 0
configure:7009: result: yes
configure:7037: checking if gcc static flag -static works
configure:7065: result: yes
configure:7075: checking if gcc supports -c -o file.o
configure:7096: gcc -c -g  -o out/conftest2.o conftest.c >&5
configure:7100: $? = 0
configure:7122: result: yes
configure:7148: checking whether the gcc linker (/usr/bin/ld -m elf_x86_64) supports shared libraries
configure:8106: result: yes
configure:8127: checking whether -lc should be explicitly linked in
configure:8132: gcc -c -g  conftest.c >&5
configure:8135: $? = 0
configure:8150: gcc -shared conftest.o  -v -Wl,-soname -Wl,conftest -o conftest 2\>\&1 \| grep  -lc  \>/dev/null 2\>\&1
configure:8153: $? = 0
configure:8165: result: no
configure:8173: checking dynamic linker characteristics
configure:8566: gcc -c -g  conftest.c >&5
configure:8569: $? = 0
configure:8782: result: GNU/Linux ld.so
configure:8791: checking how to hardcode library paths into programs
configure:8816: result: immediate
configure:8830: checking whether stripping libraries is possible
configure:8835: result: yes
configure:9669: checking if libtool supports shared libraries
configure:9671: result: yes
configure:9674: checking whether to build shared libraries
configure:9695: result: yes
configure:9698: checking whether to build static libraries
configure:9702: result: yes
configure:9794: creating libtool
configure:10385: checking for ld used by g++
configure:10452: result: /usr/bin/ld -m elf_x86_64
configure:10461: checking if the linker (/usr/bin/ld -m elf_x86_64) is GNU ld
configure:10476: result: yes
configure:10527: checking whether the g++ linker (/usr/bin/ld -m elf_x86_64) supports shared libraries
configure:11465: result: yes
configure:11483: g++ -c -g -O2  conftest.cpp >&5
configure:11486: $? = 0
configure:11605: checking for g++ option to produce PIC
configure:11879: result: -fPIC
configure:11887: checking if g++ PIC flag -fPIC works
configure:11905: g++ -c -g -O2  -fPIC -DPIC conftest.cpp >&5
configure:11909: $? = 0
configure:11922: result: yes
configure:11950: checking if g++ static flag -static works
configure:11978: result: yes
configure:11988: checking if g++ supports -c -o file.o
configure:12009: g++ -c -g -O2  -o out/conftest2.o conftest.cpp >&5
configure:12013: $? = 0
configure:12035: result: yes
configure:12061: checking whether the g++ linker (/usr/bin/ld -m elf_x86_64) supports shared libraries
configure:12086: result: yes
configure:12153: checking dynamic linker characteristics
configure:12546: g++ -c -g -O2  conftest.cpp >&5
configure:12549: $? = 0
configure:12762: result: GNU/Linux ld.so
configure:12771: checking how to hardcode library paths into programs
configure:12796: result: immediate
configure:13325: checking if libtool supports shared libraries
configure:13327: result: yes
configure:13330: checking whether to build shared libraries
configure:13350: result: yes
configure:13353: checking whether to build static libraries
configure:13357: result: yes
configure:13367: checking for g77 option to produce PIC
configure:13577: result: -fPIC
configure:13585: checking if g77 PIC flag -fPIC works
configure:13603: g77 -c -g -O2 -fPIC conftest.f >&5
configure:13607: $? = 0
configure:13620: result: yes
configure:13648: checking if g77 static flag -static works
configure:13676: result: yes
configure:13686: checking if g77 supports -c -o file.o
configure:13707: g77 -c -g -O2 -o out/conftest2.o conftest.f >&5
configure:13711: $? = 0
configure:13733: result: yes
configure:13759: checking whether the g77 linker (/usr/bin/ld -m elf_x86_64) supports shared libraries
configure:14697: result: yes
configure:14764: checking dynamic linker characteristics
configure:15157: g77 -c -g -O2 conftest.f >&5
configure:15160: $? = 0
configure:15373: result: GNU/Linux ld.so
configure:15382: checking how to hardcode library paths into programs
configure:15407: result: immediate
configure:19058: checking for gfortran
configure:19074: found /nfs/apps/gcc/4.4.1/bin/gfortran
configure:19084: result: gfortran
configure:19099: checking for Fortran compiler version
configure:19102: gfortran --version </dev/null >&5
GNU Fortran (GCC) 4.4.1
Copyright (C) 2009 Free Software Foundation, Inc.

GNU Fortran comes with NO WARRANTY, to the extent permitted by law.
You may redistribute copies of GNU Fortran
under the terms of the GNU General Public License.
For more information about these matters, see the file named COPYING

configure:19105: $? = 0
configure:19107: gfortran -v </dev/null >&5
Using built-in specs.
Target: x86_64-unknown-linux-gnu
Configured with: ../gcc-4.4.1/configure --prefix=/nfs/apps/gcc/4.4.1 --with-gmp=/nfs/apps/gmp/4.3.1 --with-mpfr=/nfs/apps/mpfr/2.4.1
Thread model: posix
gcc version 4.4.1 (GCC) 
configure:19110: $? = 0
configure:19112: gfortran -V </dev/null >&5
gfortran: '-V' option must have argument
configure:19115: $? = 1
configure:19123: checking whether we are using the GNU Fortran compiler
configure:19137: gfortran -c   conftest.F >&5
configure:19143: $? = 0
configure:19147: test -z 
			 || test ! -s conftest.err
configure:19150: $? = 0
configure:19153: test -s conftest.o
configure:19156: $? = 0
configure:19169: result: yes
configure:19175: checking whether gfortran accepts -g
configure:19187: gfortran -c -g  conftest.f >&5
configure:19193: $? = 0
configure:19197: test -z 
			 || test ! -s conftest.err
configure:19200: $? = 0
configure:19203: test -s conftest.o
configure:19206: $? = 0
configure:19218: result: yes
configure:19250: checking for ANSI C header files
configure:19406: result: yes
configure:19416: checking whether time.h and sys/time.h may both be included
configure:19441: gcc -c -g  conftest.c >&5
configure:19447: $? = 0
configure:19451: test -z 
			 || test ! -s conftest.err
configure:19454: $? = 0
configure:19457: test -s conftest.o
configure:19460: $? = 0
configure:19471: result: yes
configure:19481: checking whether string.h and strings.h may both be included
configure:19503: gcc -c -g  conftest.c >&5
configure:19509: $? = 0
configure:19513: test -z 
			 || test ! -s conftest.err
configure:19516: $? = 0
configure:19519: test -s conftest.o
configure:19522: $? = 0
configure:19533: result: yes
configure:19552: checking for unistd.h
configure:19557: result: yes
configure:19561: checking semaphore.h usability
configure:19573: gcc -c -g  conftest.c >&5
configure:19579: $? = 0
configure:19583: test -z 
			 || test ! -s conftest.err
configure:19586: $? = 0
configure:19589: test -s conftest.o
configure:19592: $? = 0
configure:19602: result: yes
configure:19606: checking semaphore.h presence
configure:19616: gcc -E  conftest.c
configure:19622: $? = 0
configure:19642: result: yes
configure:19677: checking for semaphore.h
configure:19684: result: yes
configure:19561: checking sys/loadavg.h usability
configure:19573: gcc -c -g  conftest.c >&5
conftest.c:64:25: error: sys/loadavg.h: No such file or directory
configure:19579: $? = 1
configure: failed program was:
| /* confdefs.h.  */
| 
| #define PACKAGE_NAME "GNU OpenMP Runtime Library"
| #define PACKAGE_TARNAME "libgomp"
| #define PACKAGE_VERSION "1.0"
| #define PACKAGE_STRING "GNU OpenMP Runtime Library 1.0"
| #define PACKAGE_BUGREPORT ""
| #define PACKAGE "libgomp"
| #define VERSION "1.0"
| #define STDC_HEADERS 1
| #define HAVE_SYS_TYPES_H 1
| #define HAVE_SYS_STAT_H 1
| #define HAVE_STDLIB_H 1
| #define HAVE_STRING_H 1
| #define HAVE_MEMORY_H 1
| #define HAVE_STRINGS_H 1
| #define HAVE_INTTYPES_H 1
| #define HAVE_STDINT_H 1
| #define HAVE_UNISTD_H 1
| #define HAVE_DLFCN_H 1
| #ifdef __cplusplus
| extern "C" void exit (int) throw ();
| #endif
| #define STDC_HEADERS 1
| #define TIME_WITH_SYS_TIME 1
| #define STRING_WITH_STRINGS 1
| #define HAVE_UNISTD_H 1
| #define HAVE_SEMAPHORE_H 1
| /* end confdefs.h.  */
| #include <stdio.h>
| #if HAVE_SYS_TYPES_H
| # include <sys/types.h>
| #endif
| #if HAVE_SYS_STAT_H
| # include <sys/stat.h>
| #endif
| #if STDC_HEADERS
| # include <stdlib.h>
| # include <stddef.h>
| #else
| # if HAVE_STDLIB_H
| #  include <stdlib.h>
| # endif
| #endif
| #if HAVE_STRING_H
| # if !STDC_HEADERS && HAVE_MEMORY_H
| #  include <memory.h>
| # endif
| # include <string.h>
| #endif
| #if HAVE_STRINGS_H
| # include <strings.h>
| #endif
| #if HAVE_INTTYPES_H
| # include <inttypes.h>
| #else
| # if HAVE_STDINT_H
| #  include <stdint.h>
| # endif
| #endif
| #if HAVE_UNISTD_H
| # include <unistd.h>
| #endif
| #include <sys/loadavg.h>
configure:19602: result: no
configure:19606: checking sys/loadavg.h presence
configure:19616: gcc -E  conftest.c
conftest.c:30:25: error: sys/loadavg.h: No such file or directory
configure:19622: $? = 1
configure: failed program was:
| /* confdefs.h.  */
| 
| #define PACKAGE_NAME "GNU OpenMP Runtime Library"
| #define PACKAGE_TARNAME "libgomp"
| #define PACKAGE_VERSION "1.0"
| #define PACKAGE_STRING "GNU OpenMP Runtime Library 1.0"
| #define PACKAGE_BUGREPORT ""
| #define PACKAGE "libgomp"
| #define VERSION "1.0"
| #define STDC_HEADERS 1
| #define HAVE_SYS_TYPES_H 1
| #define HAVE_SYS_STAT_H 1
| #define HAVE_STDLIB_H 1
| #define HAVE_STRING_H 1
| #define HAVE_MEMORY_H 1
| #define HAVE_STRINGS_H 1
| #define HAVE_INTTYPES_H 1
| #define HAVE_STDINT_H 1
| #define HAVE_UNISTD_H 1
| #define HAVE_DLFCN_H 1
| #ifdef __cplusplus
| extern "C" void exit (int) throw ();
| #endif
| #define STDC_HEADERS 1
| #define TIME_WITH_SYS_TIME 1
| #define STRING_WITH_STRINGS 1
| #define HAVE_UNISTD_H 1
| #define HAVE_SEMAPHORE_H 1
| /* end confdefs.h.  */
| #include <sys/loadavg.h>
configure:19642: result: no
configure:19677: checking for sys/loadavg.h
configure:19684: result: no
configure:19561: checking sys/time.h usability
configure:19573: gcc -c -g  conftest.c >&5
configure:19579: $? = 0
configure:19583: test -z 
			 || test ! -s conftest.err
configure:19586: $? = 0
configure:19589: test -s conftest.o
configure:19592: $? = 0
configure:19602: result: yes
configure:19606: checking sys/time.h presence
configure:19616: gcc -E  conftest.c
configure:19622: $? = 0
configure:19642: result: yes
configure:19677: checking for sys/time.h
configure:19684: result: yes
configure:19552: checking for sys/time.h
configure:19557: result: yes
configure:19711: checking for uintmax_t
configure:19737: gcc -c -g  conftest.c >&5
configure:19743: $? = 0
configure:19747: test -z 
			 || test ! -s conftest.err
configure:19750: $? = 0
configure:19753: test -s conftest.o
configure:19756: $? = 0
configure:19767: result: yes
configure:19775: checking for uintptr_t
configure:19801: gcc -c -g  conftest.c >&5
configure:19807: $? = 0
configure:19811: test -z 
			 || test ! -s conftest.err
configure:19814: $? = 0
configure:19817: test -s conftest.o
configure:19820: $? = 0
configure:19831: result: yes
configure:19839: checking for int_least32_t
configure:19865: gcc -c -g  conftest.c >&5
configure:19871: $? = 0
configure:19875: test -z 
			 || test ! -s conftest.err
configure:19878: $? = 0
configure:19881: test -s conftest.o
configure:19884: $? = 0
configure:19895: result: yes
configure:19903: checking for int_fast32_t
configure:19929: gcc -c -g  conftest.c >&5
configure:19935: $? = 0
configure:19939: test -z 
			 || test ! -s conftest.err
configure:19942: $? = 0
configure:19945: test -s conftest.o
configure:19948: $? = 0
configure:19959: result: yes
configure:19967: checking for uint64_t
configure:19993: gcc -c -g  conftest.c >&5
configure:19999: $? = 0
configure:20003: test -z 
			 || test ! -s conftest.err
configure:20006: $? = 0
configure:20009: test -s conftest.o
configure:20012: $? = 0
configure:20023: result: yes
configure:20369: checking what to include in gstdint.h
configure:20389: result: stdint.h (already complete)
configure:22597: gcc -o conftest -g -pthread   conftest.c  >&5
configure:22603: $? = 0
configure:22607: test -z 
			 || test ! -s conftest.err
configure:22610: $? = 0
configure:22613: test -s conftest
configure:22616: $? = 0
configure:22684: checking for getloadavg
configure:22741: gcc -o conftest -g -pthread   conftest.c  >&5
configure:22747: $? = 0
configure:22751: test -z 
			 || test ! -s conftest.err
configure:22754: $? = 0
configure:22757: test -s conftest
configure:22760: $? = 0
configure:22772: result: yes
configure:22684: checking for clock_gettime
configure:22741: gcc -o conftest -g -pthread   conftest.c  >&5
/tmp/ccgEK4jf.o: In function `main':
/home/liao6/workspace/mylibgomp/conftest.c:73: undefined reference to `clock_gettime'
/tmp/ccgEK4jf.o:(.data+0x0): undefined reference to `clock_gettime'
collect2: ld returned 1 exit status
configure:22747: $? = 1
configure: failed program was:
| /* confdefs.h.  */
| 
| #define PACKAGE_NAME "GNU OpenMP Runtime Library"
| #define PACKAGE_TARNAME "libgomp"
| #define PACKAGE_VERSION "1.0"
| #define PACKAGE_STRING "GNU OpenMP Runtime Library 1.0"
| #define PACKAGE_BUGREPORT ""
| #define PACKAGE "libgomp"
| #define VERSION "1.0"
| #define STDC_HEADERS 1
| #define HAVE_SYS_TYPES_H 1
| #define HAVE_SYS_STAT_H 1
| #define HAVE_STDLIB_H 1
| #define HAVE_STRING_H 1
| #define HAVE_MEMORY_H 1
| #define HAVE_STRINGS_H 1
| #define HAVE_INTTYPES_H 1
| #define HAVE_STDINT_H 1
| #define HAVE_UNISTD_H 1
| #define HAVE_DLFCN_H 1
| #ifdef __cplusplus
| extern "C" void exit (int) throw ();
| #endif
| #define STDC_HEADERS 1
| #define TIME_WITH_SYS_TIME 1
| #define STRING_WITH_STRINGS 1
| #define HAVE_UNISTD_H 1
| #define HAVE_SEMAPHORE_H 1
| #define HAVE_SYS_TIME_H 1
| #define HAVE_SYS_TIME_H 1
| #define HAVE_GETLOADAVG 1
| /* end confdefs.h.  */
| /* Define clock_gettime to an innocuous variant, in case <limits.h> declares clock_gettime.
|    For example, HP-UX 11i <limits.h> declares gettimeofday.  */
| #define clock_gettime innocuous_clock_gettime
| 
| /* System header to define __stub macros and hopefully few prototypes,
|     which can conflict with char clock_gettime (); below.
|     Prefer <limits.h> to <assert.h> if __STDC__ is defined, since
|     <limits.h> exists even on freestanding compilers.  */
| 
| #ifdef __STDC__
| # include <limits.h>
| #else
| # include <assert.h>
| #endif
| 
| #undef clock_gettime
| 
| /* Override any gcc2 internal prototype to avoid an error.  */
| #ifdef __cplusplus
| extern "C"
| {
| #endif
| /* We use char because int might match the return type of a gcc2
|    builtin and then its argument prototype would still apply.  */
| char clock_gettime ();
| /* The GNU C library defines this for functions which it implements
|     to always fail with ENOSYS.  Some functions are actually named
|     something starting with __ and the normal name is an alias.  */
| #if defined (__stub_clock_gettime) || defined (__stub___clock_gettime)
| choke me
| #else
| char (*f) () = clock_gettime;
| #endif
| #ifdef __cplusplus
| }
| #endif
| 
| int
| main ()
| {
| return f != clock_gettime;
|   ;
|   return 0;
| }
configure:22772: result: no
configure:22684: checking for strtoull
configure:22741: gcc -o conftest -g -pthread   conftest.c  >&5
configure:22747: $? = 0
configure:22751: test -z 
			 || test ! -s conftest.err
configure:22754: $? = 0
configure:22757: test -s conftest
configure:22760: $? = 0
configure:22772: result: yes
configure:23019: gcc -o conftest -g -pthread   conftest.c  >&5
configure:23025: $? = 0
configure:23029: test -z 
			 || test ! -s conftest.err
configure:23032: $? = 0
configure:23035: test -s conftest
configure:23038: $? = 0
configure:23056: checking for clock_gettime in -lrt
configure:23086: gcc -o conftest -g -pthread   conftest.c -lrt   >&5
configure:23092: $? = 0
configure:23096: test -z 
			 || test ! -s conftest.err
configure:23099: $? = 0
configure:23102: test -s conftest
configure:23105: $? = 0
configure:23118: result: yes
configure:23148: checking whether the target supports thread-local storage
configure:23196: gcc -o conftest -g -pthread   conftest.c -lrt  >&5
configure:23199: $? = 0
configure:23201: ./conftest
configure:23204: $? = 0
configure:23212: gcc -o conftest -g -pthread  -static  conftest.c -lrt  >&5
configure:23218: $? = 0
configure:23222: test -z 
			 || test ! -s conftest.err
configure:23225: $? = 0
configure:23228: test -s conftest
configure:23231: $? = 0
configure:23246: gcc -o conftest -g -pthread  -static  conftest.c -lrt  >&5
configure:23249: $? = 0
configure:23251: ./conftest
configure:23254: $? = 0
configure:23298: gcc -o conftest  -g -pthread   conftest.c -lrt  >&5
configure:23304: $? = 0
configure:23308: test -z 
			 || test ! -s conftest.err
configure:23311: $? = 0
configure:23314: test -s conftest
configure:23317: $? = 0
configure:23376: gcc -o conftest  -g -pthread   conftest.c -lrt  >&5
configure:23379: $? = 0
configure:23381: ./conftest
configure:23384: $? = 0
configure:23411: result: yes
configure:23423: checking whether the target supports hidden visibility
configure:23447: gcc -c -g -pthread -Werror  conftest.c >&5
configure:23453: $? = 0
configure:23457: test -z 
			 || test ! -s conftest.err
configure:23460: $? = 0
configure:23463: test -s conftest.o
configure:23466: $? = 0
configure:23478: result: yes
configure:23488: checking whether the target supports dllexport
configure:23512: gcc -c -g -pthread -Werror  conftest.c >&5
cc1: warnings being treated as errors
conftest.c:38: error: 'dllexport' attribute directive ignored
configure:23518: $? = 1
configure: failed program was:
| /* confdefs.h.  */
| 
| #define PACKAGE_NAME "GNU OpenMP Runtime Library"
| #define PACKAGE_TARNAME "libgomp"
| #define PACKAGE_VERSION "1.0"
| #define PACKAGE_STRING "GNU OpenMP Runtime Library 1.0"
| #define PACKAGE_BUGREPORT ""
| #define PACKAGE "libgomp"
| #define VERSION "1.0"
| #define STDC_HEADERS 1
| #define HAVE_SYS_TYPES_H 1
| #define HAVE_SYS_STAT_H 1
| #define HAVE_STDLIB_H 1
| #define HAVE_STRING_H 1
| #define HAVE_MEMORY_H 1
| #define HAVE_STRINGS_H 1
| #define HAVE_INTTYPES_H 1
| #define HAVE_STDINT_H 1
| #define HAVE_UNISTD_H 1
| #define HAVE_DLFCN_H 1
| #ifdef __cplusplus
| extern "C" void exit (int) throw ();
| #endif
| #define STDC_HEADERS 1
| #define TIME_WITH_SYS_TIME 1
| #define STRING_WITH_STRINGS 1
| #define HAVE_UNISTD_H 1
| #define HAVE_SEMAPHORE_H 1
| #define HAVE_SYS_TIME_H 1
| #define HAVE_SYS_TIME_H 1
| #define HAVE_GETLOADAVG 1
| #define HAVE_STRTOULL 1
| #define HAVE_PTHREAD_AFFINITY_NP 1
| #define HAVE_CLOCK_GETTIME 1
| #define HAVE_TLS 1
| #define HAVE_ATTRIBUTE_VISIBILITY 1
| /* end confdefs.h.  */
| void __attribute__((dllexport)) foo(void) { }
| int
| main ()
| {
| 
|   ;
|   return 0;
| }
configure:23543: result: no
configure:23553: checking whether the target supports symbol aliases
configure:23577: gcc -o conftest -g -pthread   conftest.c -lrt  >&5
configure:23583: $? = 0
configure:23587: test -z 
			 || test ! -s conftest.err
configure:23590: $? = 0
configure:23593: test -s conftest
configure:23596: $? = 0
configure:23608: result: yes
configure:23764: checking for shared libgcc
configure:23784: gcc -o conftest  -lgcc_s   conftest.c -lrt  >&5
configure:23790: $? = 0
configure:23794: test -z 
			 || test ! -s conftest.err
configure:23797: $? = 0
configure:23800: test -s conftest
configure:23803: $? = 0
configure:23874: result: yes
configure:23929: checking whether the target supports .symver directive
configure:23951: gcc -c -g -pthread  conftest.c >&5
configure:23957: $? = 0
configure:23961: test -z 
			 || test ! -s conftest.err
configure:23964: $? = 0
configure:23967: test -s conftest.o
configure:23970: $? = 0
configure:23981: result: yes
configure:24001: versioning on shared library symbols is gnu
configure:24020: checking whether the target supports __sync_*_compare_and_swap
configure:24042: gcc -o conftest -g -pthread  -Wall -Werror   conftest.c -lrt  >&5
configure:24048: $? = 0
configure:24052: test -z 
			 || test ! -s conftest.err
configure:24055: $? = 0
configure:24058: test -s conftest
configure:24061: $? = 0
configure:24073: result: yes
configure:24489: gcc -o conftest -g -pthread -include confdefs.h -include ./config/posix/omp-lock.h   conftest.c -lrt  >&5
configure:24492: $? = 0
configure:24494: ./conftest
configure:24497: $? = 0
configure:24821: gcc -o conftest -g -pthread -include confdefs.h -include ./config/posix/omp-lock.h   conftest.c -lrt  >&5
configure:24824: $? = 0
configure:24826: ./conftest
configure:24829: $? = 0
configure:25149: gcc -o conftest -g -pthread -include confdefs.h -include ./config/posix/omp-lock.h   conftest.c -lrt  >&5
configure:25152: $? = 0
configure:25154: ./conftest
configure:25157: $? = 0
configure:25477: gcc -o conftest -g -pthread -include confdefs.h -include ./config/posix/omp-lock.h   conftest.c -lrt  >&5
configure:25480: $? = 0
configure:25482: ./conftest
configure:25485: $? = 0
configure:25807: gcc -o conftest -g -pthread -include confdefs.h -include ./config/posix/omp-lock.h   conftest.c -lrt  >&5
configure:25810: $? = 0
configure:25812: ./conftest
configure:25815: $? = 0
configure:26139: gcc -o conftest -g -pthread -include confdefs.h -include ./config/posix/omp-lock.h   conftest.c -lrt  >&5
configure:26142: $? = 0
configure:26144: ./conftest
configure:26147: $? = 0
configure:26467: gcc -o conftest -g -pthread -include confdefs.h -include ./config/posix/omp-lock.h   conftest.c -lrt  >&5
configure:26470: $? = 0
configure:26472: ./conftest
configure:26475: $? = 0
configure:26795: gcc -o conftest -g -pthread -include confdefs.h -include ./config/posix/omp-lock.h   conftest.c -lrt  >&5
configure:26798: $? = 0
configure:26800: ./conftest
configure:26803: $? = 0
configure:26987: creating ./config.status

## ---------------------- ##
## Running config.status. ##
## ---------------------- ##

This file was extended by GNU OpenMP Runtime Library config.status 1.0, which was
generated by GNU Autoconf 2.59.  Invocation command line was

  CONFIG_FILES    = 
  CONFIG_HEADERS  = 
  CONFIG_LINKS    = 
  CONFIG_COMMANDS = 
  $ ./config.status 

on tux322.llnl.gov

config.status:768: creating omp.h
config.status:768: creating omp_lib.h
config.status:768: creating omp_lib.f90
config.status:768: creating libgomp_f.h
config.status:768: creating Makefile
config.status:768: creating libgomp.spec
config.status:872: creating config.h
config.status:1012: config.h is unchanged
config.status:1192: executing depfiles commands
config.status:1192: executing gstdint.h commands

## ---------------- ##
## Cache variables. ##
## ---------------- ##

ac_cv_build=x86_64-unknown-linux-gnu
ac_cv_build_alias=x86_64-unknown-linux-gnu
ac_cv_c_compiler_gnu=yes
ac_cv_cxx_compiler_gnu=yes
ac_cv_env_CC_set=
ac_cv_env_CC_value=
ac_cv_env_CFLAGS_set=set
ac_cv_env_CFLAGS_value=-g
ac_cv_env_CPPFLAGS_set=
ac_cv_env_CPPFLAGS_value=
ac_cv_env_CPP_set=
ac_cv_env_CPP_value=
ac_cv_env_CXXCPP_set=
ac_cv_env_CXXCPP_value=
ac_cv_env_CXXFLAGS_set=
ac_cv_env_CXXFLAGS_value=
ac_cv_env_CXX_set=
ac_cv_env_CXX_value=
ac_cv_env_F77_set=
ac_cv_env_F77_value=
ac_cv_env_FCFLAGS_set=
ac_cv_env_FCFLAGS_value=
ac_cv_env_FC_set=
ac_cv_env_FC_value=
ac_cv_env_FFLAGS_set=
ac_cv_env_FFLAGS_value=
ac_cv_env_LDFLAGS_set=
ac_cv_env_LDFLAGS_value=
ac_cv_env_build_alias_set=
ac_cv_env_build_alias_value=
ac_cv_env_host_alias_set=
ac_cv_env_host_alias_value=
ac_cv_env_target_alias_set=
ac_cv_env_target_alias_value=
ac_cv_exeext=
ac_cv_f77_compiler_gnu=yes
ac_cv_fc_compiler_gnu=yes
ac_cv_func_clock_gettime=no
ac_cv_func_getloadavg=yes
ac_cv_func_strtoull=yes
ac_cv_header_dlfcn_h=yes
ac_cv_header_inttypes_h=yes
ac_cv_header_memory_h=yes
ac_cv_header_semaphore_h=yes
ac_cv_header_stdc=yes
ac_cv_header_stdint_h=yes
ac_cv_header_stdlib_h=yes
ac_cv_header_string_h=yes
ac_cv_header_strings_h=yes
ac_cv_header_sys_loadavg_h=no
ac_cv_header_sys_stat_h=yes
ac_cv_header_sys_time_h=yes
ac_cv_header_sys_types_h=yes
ac_cv_header_time=yes
ac_cv_header_unistd_h=yes
ac_cv_host=x86_64-unknown-linux-gnu
ac_cv_host_alias=x86_64-unknown-linux-gnu
ac_cv_lib_rt_clock_gettime=yes
ac_cv_objext=o
ac_cv_path_PERL=/usr/bin/perl
ac_cv_path_install='/usr/bin/install -c'
ac_cv_prog_AWK=gawk
ac_cv_prog_CPP='gcc -E'
ac_cv_prog_CXXCPP='g++ -E'
ac_cv_prog_ac_ct_AR=ar
ac_cv_prog_ac_ct_CC=gcc
ac_cv_prog_ac_ct_CXX=g++
ac_cv_prog_ac_ct_F77=g77
ac_cv_prog_ac_ct_FC=gfortran
ac_cv_prog_ac_ct_RANLIB=ranlib
ac_cv_prog_ac_ct_STRIP=strip
ac_cv_prog_cc_g=yes
ac_cv_prog_cc_stdc=
ac_cv_prog_cxx_g=yes
ac_cv_prog_egrep='grep -E'
ac_cv_prog_f77_g=yes
ac_cv_prog_fc_g=yes
ac_cv_prog_make_make_set=yes
ac_cv_type_int_fast32_t=yes
ac_cv_type_int_least32_t=yes
ac_cv_type_u_int64_t=no
ac_cv_type_uint64_t=yes
ac_cv_type_uintmax_t=yes
ac_cv_type_uintptr_t=yes
acx_cv_header_stdint=stdint.h
acx_cv_header_stdint_kind='(already complete)'
am_cv_CC_dependencies_compiler_type=gcc3
am_cv_CXX_dependencies_compiler_type=gcc3
gcc_cv_have_tls=yes
gcc_cv_header_string=yes
libgomp_cv_have_as_symver_directive=yes
libgomp_cv_have_attribute_alias=yes
libgomp_cv_have_attribute_dllexport=no
libgomp_cv_have_attribute_visibility=yes
libgomp_cv_have_sync_builtins=yes
lt_cv_deplibs_check_method=pass_all
lt_cv_file_magic_cmd='$MAGIC_CMD'
lt_cv_file_magic_test_file=
lt_cv_ld_reload_flag=-r
lt_cv_objdir=.libs
lt_cv_path_LD=/usr/bin/ld
lt_cv_path_LDCXX='/usr/bin/ld -m elf_x86_64'
lt_cv_path_NM='/usr/bin/nm -B'
lt_cv_path_SED=/bin/sed
lt_cv_prog_compiler_c_o=yes
lt_cv_prog_compiler_c_o_CXX=yes
lt_cv_prog_compiler_c_o_F77=yes
lt_cv_prog_compiler_rtti_exceptions=no
lt_cv_prog_gnu_ld=yes
lt_cv_prog_gnu_ldcxx=yes
lt_cv_sys_global_symbol_pipe='sed -n -e '\''s/^.*[ 	]\([ABCDGIRSTW][ABCDGIRSTW]*\)[ 	][ 	]*\([_A-Za-z][_A-Za-z0-9]*\)$/\1 \2 \2/p'\'''
lt_cv_sys_global_symbol_to_c_name_address='sed -n -e '\''s/^: \([^ ]*\) $/  {\"\1\", (lt_ptr) 0},/p'\'' -e '\''s/^[BCDEGRST] \([^ ]*\) \([^ ]*\)$/  {"\2", (lt_ptr) \&\2},/p'\'''
lt_cv_sys_global_symbol_to_cdecl='sed -n -e '\''s/^. .* \(.*\)$/extern int \1;/p'\'''
lt_cv_sys_max_cmd_len=32768
lt_lt_cv_prog_compiler_c_o='"yes"'
lt_lt_cv_prog_compiler_c_o_CXX='"yes"'
lt_lt_cv_prog_compiler_c_o_F77='"yes"'
lt_lt_cv_sys_global_symbol_pipe='"sed -n -e '\''s/^.*[ 	]\\([ABCDGIRSTW][ABCDGIRSTW]*\\)[ 	][ 	]*\\([_A-Za-z][_A-Za-z0-9]*\\)\$/\\1 \\2 \\2/p'\''"'
lt_lt_cv_sys_global_symbol_to_c_name_address='"sed -n -e '\''s/^: \\([^ ]*\\) \$/  {\\\"\\1\\\", (lt_ptr) 0},/p'\'' -e '\''s/^[BCDEGRST] \\([^ ]*\\) \\([^ ]*\\)\$/  {\"\\2\", (lt_ptr) \\&\\2},/p'\''"'
lt_lt_cv_sys_global_symbol_to_cdecl='"sed -n -e '\''s/^. .* \\(.*\\)\$/extern int \\1;/p'\''"'

## ----------------- ##
## Output variables. ##
## ----------------- ##

ACLOCAL='${SHELL} /home/liao6/workspace/mylibgomp/missing --run aclocal-1.9'
AMDEPBACKSLASH='\'
AMDEP_FALSE='#'
AMDEP_TRUE=''
AMTAR='${SHELL} /home/liao6/workspace/mylibgomp/missing --run tar'
AR='ar'
AUTOCONF='${SHELL} /home/liao6/workspace/mylibgomp/missing --run autoconf'
AUTOHEADER='${SHELL} /home/liao6/workspace/mylibgomp/missing --run autoheader'
AUTOMAKE='${SHELL} /home/liao6/workspace/mylibgomp/missing --run automake-1.9'
AWK='gawk'
CC='gcc'
CCDEPMODE='depmode=gcc3'
CFLAGS='-g -pthread'
CPP='gcc -E'
CPPFLAGS=''
CXX='g++'
CXXCPP='g++ -E'
CXXDEPMODE='depmode=gcc3'
CXXFLAGS='-g -O2'
CYGPATH_W='echo'
DEFS='-DHAVE_CONFIG_H'
DEPDIR='.deps'
ECHO='echo'
ECHO_C=''
ECHO_N='-n'
ECHO_T=''
EGREP='grep -E'
EXEEXT=''
F77='g77'
FC='gfortran'
FCFLAGS='-g -O2 -Wall'
FFLAGS='-g -O2'
INSTALL_DATA='${INSTALL} -m 644'
INSTALL_PROGRAM='${INSTALL}'
INSTALL_SCRIPT='${INSTALL}'
INSTALL_STRIP_PROGRAM='${SHELL} $(install_sh) -c -s'
LDFLAGS=''
LIBGOMP_BUILD_VERSIONED_SHLIB_FALSE='#'
LIBGOMP_BUILD_VERSIONED_SHLIB_TRUE=''
LIBOBJS=''
LIBS='-lrt '
LIBTOOL='$(SHELL) $(top_builddir)/libtool'
LN_S='ln -s'
LTLIBOBJS=''
MAKEINFO='${SHELL} /home/liao6/workspace/mylibgomp/missing --run makeinfo'
OBJEXT='o'
OMP_LOCK_25_ALIGN='8'
OMP_LOCK_25_KIND='8'
OMP_LOCK_25_SIZE='40'
OMP_LOCK_ALIGN='8'
OMP_LOCK_KIND='8'
OMP_LOCK_SIZE='32'
OMP_NEST_LOCK_25_ALIGN='8'
OMP_NEST_LOCK_25_KIND='8'
OMP_NEST_LOCK_25_SIZE='48'
OMP_NEST_LOCK_ALIGN='8'
OMP_NEST_LOCK_KIND='8'
OMP_NEST_LOCK_SIZE='48'
OPT_LDFLAGS='-Wl,-O1 '
PACKAGE='libgomp'
PACKAGE_BUGREPORT=''
PACKAGE_NAME='GNU OpenMP Runtime Library'
PACKAGE_STRING='GNU OpenMP Runtime Library 1.0'
PACKAGE_TARNAME='libgomp'
PACKAGE_VERSION='1.0'
PATH_SEPARATOR=':'
PERL='/usr/bin/perl'
RANLIB='ranlib'
SECTION_LDFLAGS=''
SED='/bin/sed'
SET_MAKE=''
SHELL='/bin/sh'
STRIP='strip'
USE_FORTRAN_FALSE='#'
USE_FORTRAN_TRUE=''
VERSION='1.0'
XCFLAGS=' -Wall -Werror -Wc,-pthread'
XLDFLAGS=''
ac_ct_AR='ar'
ac_ct_CC='gcc'
ac_ct_CXX='g++'
ac_ct_F77='g77'
ac_ct_FC='gfortran'
ac_ct_RANLIB='ranlib'
ac_ct_STRIP='strip'
am__fastdepCC_FALSE='#'
am__fastdepCC_TRUE=''
am__fastdepCXX_FALSE='#'
am__fastdepCXX_TRUE=''
am__include='include'
am__leading_dot='.'
am__quote=''
am__tar='${AMTAR} chof - "$$tardir"'
am__untar='${AMTAR} xf -'
bindir='${exec_prefix}/bin'
build='x86_64-unknown-linux-gnu'
build_alias=''
build_cpu='x86_64'
build_os='linux-gnu'
build_vendor='unknown'
config_path='posix'
datadir='${prefix}/share'
enable_shared='yes'
enable_static='yes'
exec_prefix='${prefix}'
host='x86_64-unknown-linux-gnu'
host_alias=''
host_cpu='x86_64'
host_os='linux-gnu'
host_vendor='unknown'
includedir='${prefix}/include'
infodir='${prefix}/info'
install_sh='/home/liao6/workspace/mylibgomp/install-sh'
libdir='${exec_prefix}/lib'
libexecdir='${exec_prefix}/libexec'
libtool_VERSION='1:0:0'
link_gomp='-lgomp %{static: -lrt }'
localstatedir='${prefix}/var'
mandir='${prefix}/man'
mkdir_p='mkdir -p --'
oldincludedir='/usr/include'
prefix='/usr/local'
program_transform_name='s,x,x,'
sbindir='${exec_prefix}/sbin'
sharedstatedir='${prefix}/com'
sysconfdir='${prefix}/etc'
target_alias=''

## ----------- ##
## confdefs.h. ##
## ----------- ##

#define HAVE_AS_SYMVER_DIRECTIVE 1
#define HAVE_ATTRIBUTE_ALIAS 1
#define HAVE_ATTRIBUTE_VISIBILITY 1
#define HAVE_CLOCK_GETTIME 1
#define HAVE_DLFCN_H 1
#define HAVE_GETLOADAVG 1
#define HAVE_INTTYPES_H 1
#define HAVE_MEMORY_H 1
#define HAVE_PTHREAD_AFFINITY_NP 1
#define HAVE_SEMAPHORE_H 1
#define HAVE_STDINT_H 1
#define HAVE_STDLIB_H 1
#define HAVE_STRINGS_H 1
#define HAVE_STRING_H 1
#define HAVE_STRTOULL 1
#define HAVE_SYNC_BUILTINS 1
#define HAVE_SYS_STAT_H 1
#define HAVE_SYS_TIME_H 1
#define HAVE_SYS_TIME_H 1
#define HAVE_SYS_TYPES_H 1
#define HAVE_TLS 1
#define HAVE_UNISTD_H 1
#define HAVE_UNISTD_H 1
#define LIBGOMP_GNU_SYMBOL_VERSIONING 1
#define PACKAGE "libgomp"
#define PACKAGE_BUGREPORT ""
#define PACKAGE_NAME "GNU OpenMP Runtime Library"
#define PACKAGE_STRING "GNU OpenMP Runtime Library 1.0"
#define PACKAGE_TARNAME "libgomp"
#define PACKAGE_VERSION "1.0"
#define STDC_HEADERS 1
#define STDC_HEADERS 1
#define STRING_WITH_STRINGS 1
#define TIME_WITH_SYS_TIME 1
#define VERSION "1.0"
#endif
#ifdef __cplusplus
extern "C" void exit (int) throw ();

configure: exit 0
